<?xml version="1.0" encoding="utf-8"?><testsuites name="pytest tests"><testsuite name="pytest" errors="0" failures="0" skipped="0" tests="23" time="3.651" timestamp="2026-03-09T13:44:29.718725+00:00" hostname="agent-env-6f1698f9-4489-499d-af2b-d2da3195fe45"><testcase classname="test_api_endpoints.TestHealthEndpoints" name="test_api_health" time="0.231" /><testcase classname="test_api_endpoints.TestHealthEndpoints" name="test_api_health_detailed" time="0.114" /><testcase classname="test_api_endpoints.TestAuthEndpoints" name="test_admin_login" time="0.256" /><testcase classname="test_api_endpoints.TestAuthEndpoints" name="test_rep_login" time="0.180" /><testcase classname="test_api_endpoints.TestAuthEndpoints" name="test_student_login" time="0.195" /><testcase classname="test_api_endpoints.TestOTPEndpoints" name="test_send_otp_email" time="0.197" /><testcase classname="test_api_endpoints.TestOTPEndpoints" name="test_send_otp_whatsapp" time="0.178" /><testcase classname="test_api_endpoints.TestOTPEndpoints" name="test_verify_otp_invalid" time="0.110" /><testcase classname="test_api_endpoints.TestOTPEndpoints" name="test_send_and_verify_otp_flow" time="0.367" /><testcase classname="test_api_endpoints.TestStudentsAPI" name="test_get_students_as_admin" time="0.131" /><testcase classname="test_api_endpoints.TestStudentsAPI" name="test_get_admin_stats" time="0.118" /><testcase classname="test_api_endpoints.TestStudentsAPI" name="test_get_rep_stats" time="0.147" /><testcase classname="test_api_endpoints.TestStudentsAPI" name="test_get_students_as_rep" time="0.119" /><testcase classname="test_api_endpoints.TestStudentsAPI" name="test_students_api_unauthorized" time="0.112" /><testcase classname="test_api_endpoints.TestStudentDocumentsAPI" name="test_get_pending_documents_admin" time="0.117" /><testcase classname="test_api_endpoints.TestStudentDocumentsAPI" name="test_documents_unauthorized" time="0.110" /><testcase classname="test_api_endpoints.TestStudentPaymentsAPI" name="test_get_all_payments_admin" time="0.107" /><testcase classname="test_api_endpoints.TestStudentPaymentsAPI" name="test_payments_unauthorized" time="0.110" /><testcase classname="test_api_endpoints.TestNotificationsAPI" name="test_get_notifications" time="0.115" /><testcase classname="test_api_endpoints.TestNotificationsAPI" name="test_notifications_unauthorized" time="0.109" /><testcase classname="test_api_endpoints.TestStudentPortalEndpoints" name="test_get_my_profile" time="0.114" /><testcase classname="test_api_endpoints.TestStudentPortalEndpoints" name="test_get_my_documents" time="0.110" /><testcase classname="test_api_endpoints.TestStudentPortalEndpoints" name="test_get_my_payments" time="0.105" /></testsuite></testsuites>