<?xml version="1.0" encoding="utf-8"?><testsuites name="pytest tests"><testsuite name="pytest" errors="0" failures="0" skipped="0" tests="12" time="4.903" timestamp="2026-03-09T15:39:00.718613+00:00" hostname="agent-env-98fd0d29-3a1c-4f50-b7fe-75d9581cdcc6"><testcase classname="backend.tests.test_new_features.TestAuthFlow" name="test_admin_login" time="0.217" /><testcase classname="backend.tests.test_new_features.TestAuthFlow" name="test_rep_login" time="0.178" /><testcase classname="backend.tests.test_new_features.TestRepCommissions" name="test_rep_commissions_endpoint" time="0.307" /><testcase classname="backend.tests.test_new_features.TestRepCommissions" name="test_rep_commissions_with_status_filter" time="0.593" /><testcase classname="backend.tests.test_new_features.TestAdminUserManagement" name="test_admin_get_users" time="0.335" /><testcase classname="backend.tests.test_new_features.TestAdminUserManagement" name="test_admin_get_users_filter_by_role" time="0.537" /><testcase classname="backend.tests.test_new_features.TestAdminUserManagement" name="test_admin_create_rep" time="0.383" /><testcase classname="backend.tests.test_new_features.TestAdminUserManagement" name="test_admin_create_admin" time="0.384" /><testcase classname="backend.tests.test_new_features.TestAdminUserManagement" name="test_admin_create_user_duplicate_email" time="0.304" /><testcase classname="backend.tests.test_new_features.TestAdminUserManagement" name="test_admin_create_user_invalid_role" time="0.329" /><testcase classname="backend.tests.test_new_features.TestAdminToggleUserStatus" name="test_toggle_user_status" time="0.626" /><testcase classname="backend.tests.test_new_features.TestNewRepLogin" name="test_new_rep_login" time="0.635" /></testsuite></testsuites>