<?xml version="1.0" encoding="utf-8"?><testsuites name="pytest tests"><testsuite name="pytest" errors="0" failures="0" skipped="0" tests="18" time="3.470" timestamp="2026-03-10T14:28:27.977577+00:00" hostname="agent-env-40b9a6c6-a3d9-4646-a10a-adfe23ccbb42"><testcase classname="backend.tests.test_referral_system.TestReferralPublicEndpoints" name="test_validate_referral_code_valid" time="0.220" /><testcase classname="backend.tests.test_referral_system.TestReferralPublicEndpoints" name="test_validate_referral_code_invalid" time="0.128" /><testcase classname="backend.tests.test_referral_system.TestReferralPublicEndpoints" name="test_validate_referral_code_missing" time="0.134" /><testcase classname="backend.tests.test_referral_system.TestReferralPublicEndpoints" name="test_validate_self_referral_blocked" time="0.131" /><testcase classname="backend.tests.test_referral_system.TestReferralPublicEndpoints" name="test_track_click_success" time="0.122" /><testcase classname="backend.tests.test_referral_system.TestReferralPublicEndpoints" name="test_track_click_invalid_code" time="0.104" /><testcase classname="backend.tests.test_referral_system.TestReferralPublicEndpoints" name="test_track_click_missing_code" time="0.134" /><testcase classname="backend.tests.test_referral_system.TestReferralAuthenticatedEndpoints" name="test_get_my_code_enrolled_student" time="0.319" /><testcase classname="backend.tests.test_referral_system.TestReferralAuthenticatedEndpoints" name="test_get_my_code_pending_student_403" time="0.393" /><testcase classname="backend.tests.test_referral_system.TestReferralAuthenticatedEndpoints" name="test_get_my_code_no_auth_401" time="0.112" /><testcase classname="backend.tests.test_referral_system.TestReferralAuthenticatedEndpoints" name="test_get_my_stats_enrolled_student" time="0.120" /><testcase classname="backend.tests.test_referral_system.TestReferralAuthenticatedEndpoints" name="test_get_my_stats_pending_student_403" time="0.106" /><testcase classname="backend.tests.test_referral_system.TestReferralFraudProtection" name="test_same_email_already_referred" time="0.110" /><testcase classname="backend.tests.test_referral_system.TestReferralFraudProtection" name="test_ip_abuse_rate_limiting" time="0.115" /><testcase classname="backend.tests.test_referral_system.TestAuthEndpoints" name="test_enrolled_student_login" time="0.217" /><testcase classname="backend.tests.test_referral_system.TestAuthEndpoints" name="test_pending_student_login" time="0.209" /><testcase classname="backend.tests.test_referral_system.TestStudentProfileEndpoints" name="test_enrolled_student_profile_status" time="0.299" /><testcase classname="backend.tests.test_referral_system.TestStudentProfileEndpoints" name="test_pending_student_profile_status" time="0.355" /></testsuite></testsuites>