<?xml version="1.0" encoding="utf-8"?><testsuites name="pytest tests"><testsuite name="pytest" errors="0" failures="3" skipped="0" tests="25" time="6.291" timestamp="2026-03-10T16:20:31.024445+00:00" hostname="agent-env-ab579c4b-471c-4c82-ba7d-317929a4b168"><testcase classname="backend.tests.test_teams_assignment.TestTeamsAPIs" name="test_get_team_stats_returns_200" time="0.482" /><testcase classname="backend.tests.test_teams_assignment.TestTeamsAPIs" name="test_get_team_stats_has_required_fields" time="0.126" /><testcase classname="backend.tests.test_teams_assignment.TestTeamsAPIs" name="test_get_team_stats_values_non_negative" time="0.120" /><testcase classname="backend.tests.test_teams_assignment.TestTeamsAPIs" name="test_get_managers_returns_200" time="0.133" /><testcase classname="backend.tests.test_teams_assignment.TestTeamsAPIs" name="test_get_managers_returns_array" time="0.123" /><testcase classname="backend.tests.test_teams_assignment.TestTeamsAPIs" name="test_get_managers_has_rep_count" time="0.114" /><testcase classname="backend.tests.test_teams_assignment.TestTeamsAPIs" name="test_get_reps_returns_200" time="0.140" /><testcase classname="backend.tests.test_teams_assignment.TestTeamsAPIs" name="test_get_reps_returns_array" time="0.120" /><testcase classname="backend.tests.test_teams_assignment.TestTeamsAPIs" name="test_get_reps_has_manager_name" time="0.121" /><testcase classname="backend.tests.test_teams_assignment.TestTeamsAPIs" name="test_get_reps_filter_by_manager_id" time="0.230" /><testcase classname="backend.tests.test_teams_assignment.TestTeamsAPIs" name="test_get_reps_filter_unassigned" time="0.140" /><testcase classname="backend.tests.test_teams_assignment.TestTeamsAPIs" name="test_assign_manager_to_rep" time="0.441" /><testcase classname="backend.tests.test_teams_assignment.TestTeamsAPIs" name="test_unassign_manager_from_rep" time="0.287" /><testcase classname="backend.tests.test_teams_assignment.TestTeamsAPIs" name="test_assign_manager_invalid_rep" time="0.318" /><testcase classname="backend.tests.test_teams_assignment.TestTeamsAPIs" name="test_assign_invalid_manager" time="0.238" /><testcase classname="backend.tests.test_teams_assignment.TestTeamsAPIs" name="test_bulk_assign_manager" time="0.430"><failure message="AssertionError: Bulk assign failed: {&quot;detail&quot;:&quot;User not found&quot;}&#10;assert 404 == 200&#10; +  where 404 = &lt;Response [404]&gt;.status_code">backend/tests/test_teams_assignment.py:248: in test_bulk_assign_manager
    assert response.status_code == 200, f"Bulk assign failed: {response.text}"
E   AssertionError: Bulk assign failed: {"detail":"User not found"}
E   assert 404 == 200
E    +  where 404 = &lt;Response [404]&gt;.status_code</failure></testcase><testcase classname="backend.tests.test_teams_assignment.TestTeamsAPIs" name="test_bulk_assign_empty_array_fails" time="0.671"><failure message="AssertionError: Expected 400, got 404&#10;assert 404 == 400&#10; +  where 404 = &lt;Response [404]&gt;.status_code">backend/tests/test_teams_assignment.py:269: in test_bulk_assign_empty_array_fails
    assert response.status_code == 400, f"Expected 400, got {response.status_code}"
E   AssertionError: Expected 400, got 404
E   assert 404 == 400
E    +  where 404 = &lt;Response [404]&gt;.status_code</failure></testcase><testcase classname="backend.tests.test_teams_assignment.TestTeamsAPIs" name="test_bulk_unassign_manager" time="0.240"><failure message="AssertionError: Bulk unassign failed: {&quot;detail&quot;:&quot;User not found&quot;}&#10;assert 404 == 200&#10; +  where 404 = &lt;Response [404]&gt;.status_code">backend/tests/test_teams_assignment.py:287: in test_bulk_unassign_manager
    assert response.status_code == 200, f"Bulk unassign failed: {response.text}"
E   AssertionError: Bulk unassign failed: {"detail":"User not found"}
E   assert 404 == 200
E    +  where 404 = &lt;Response [404]&gt;.status_code</failure></testcase><testcase classname="backend.tests.test_teams_assignment.TestTeamsAPIs" name="test_team_stats_requires_auth" time="0.104" /><testcase classname="backend.tests.test_teams_assignment.TestTeamsAPIs" name="test_managers_requires_auth" time="0.109" /><testcase classname="backend.tests.test_teams_assignment.TestTeamsAPIs" name="test_reps_requires_auth" time="0.145" /><testcase classname="backend.tests.test_teams_assignment.TestTeamsAPIs" name="test_assign_manager_requires_auth" time="0.137" /><testcase classname="backend.tests.test_teams_assignment.TestTeamsAPIs" name="test_team_stats_forbidden_for_manager_role" time="0.381" /><testcase classname="backend.tests.test_teams_assignment.TestTeamsIntegration" name="test_stats_match_actual_data" time="0.564" /><testcase classname="backend.tests.test_teams_assignment.TestTeamsIntegration" name="test_manager_rep_count_accuracy" time="0.277" /></testsuite></testsuites>