<?xml version="1.0" encoding="utf-8"?><testsuites name="pytest tests"><testsuite name="pytest" errors="0" failures="0" skipped="0" tests="9" time="3.846" timestamp="2026-03-12T09:40:14.704565+00:00" hostname="agent-env-676c588f-d4ed-40ba-94f6-e72e16f70624"><testcase classname="tests.test_stripe_payment_live.TestStripePaymentConfig" name="test_get_payment_config_returns_correct_structure" time="0.264" /><testcase classname="tests.test_stripe_payment_live.TestStudentPaymentInfo" name="test_fresh_student_can_get_payment_info" time="0.308" /><testcase classname="tests.test_stripe_payment_live.TestStudentPaymentInfo" name="test_test_student_can_get_payment_info" time="0.285" /><testcase classname="tests.test_stripe_payment_live.TestStudentPaymentInfo" name="test_unauthenticated_request_fails" time="0.113" /><testcase classname="tests.test_stripe_payment_live.TestCreateFullPayment" name="test_create_full_payment_returns_client_secret" time="1.153" /><testcase classname="tests.test_stripe_payment_live.TestCreateFullPayment" name="test_create_full_payment_unauthenticated_fails" time="0.099" /><testcase classname="tests.test_stripe_payment_live.TestCreateDepositPayment" name="test_create_deposit_payment_returns_client_secret" time="0.709" /><testcase classname="tests.test_stripe_payment_live.TestDuplicatePaymentPrevention" name="test_check_existing_payments_before_create" time="0.286" /><testcase classname="tests.test_stripe_payment_live.TestPaymentHistory" name="test_student_can_view_own_payment_history" time="0.410" /></testsuite></testsuites>