<?xml version="1.0" encoding="utf-8"?><testsuites name="pytest tests"><testsuite name="pytest" errors="0" failures="0" skipped="0" tests="23" time="14.753" timestamp="2026-03-10T11:17:58.872073+00:00" hostname="agent-env-07ea41ec-b337-4d61-9e7a-b90df61668e2"><testcase classname="backend.tests.test_crm_features.TestAuthentication" name="test_superadmin_login" time="0.331" /><testcase classname="backend.tests.test_crm_features.TestAuthentication" name="test_manager_login" time="0.180" /><testcase classname="backend.tests.test_crm_features.TestAuthentication" name="test_sales_user_login" time="0.178" /><testcase classname="backend.tests.test_crm_features.TestTeamsAPI" name="test_get_all_teams_as_super_admin" time="0.725" /><testcase classname="backend.tests.test_crm_features.TestTeamsAPI" name="test_get_all_teams_as_manager_forbidden" time="0.670" /><testcase classname="backend.tests.test_crm_features.TestTeamsAPI" name="test_get_my_teams_as_manager" time="0.673" /><testcase classname="backend.tests.test_crm_features.TestTeamsAPI" name="test_create_team_as_super_admin" time="0.684" /><testcase classname="backend.tests.test_crm_features.TestTeamsAPI" name="test_create_team_as_manager_forbidden" time="0.719" /><testcase classname="backend.tests.test_crm_features.TestLeadsAPI" name="test_get_leads_as_super_admin" time="0.657" /><testcase classname="backend.tests.test_crm_features.TestLeadsAPI" name="test_get_leads_stats" time="0.729" /><testcase classname="backend.tests.test_crm_features.TestLeadsAPI" name="test_create_lead_as_super_admin" time="0.646" /><testcase classname="backend.tests.test_crm_features.TestLeadsAPI" name="test_update_lead_status" time="0.838" /><testcase classname="backend.tests.test_crm_features.TestLeadsAPI" name="test_get_lead_by_id" time="0.799" /><testcase classname="backend.tests.test_crm_features.TestLeadsAPI" name="test_duplicate_email_rejected" time="0.769" /><testcase classname="backend.tests.test_crm_features.TestProgramsAPI" name="test_get_all_programs" time="0.665" /><testcase classname="backend.tests.test_crm_features.TestProgramsAPI" name="test_get_programs_with_inactive" time="0.675" /><testcase classname="backend.tests.test_crm_features.TestProgramsAPI" name="test_create_program_as_super_admin" time="0.684" /><testcase classname="backend.tests.test_crm_features.TestProgramsAPI" name="test_create_program_as_manager_forbidden" time="0.654" /><testcase classname="backend.tests.test_crm_features.TestProgramsAPI" name="test_get_program_by_id" time="0.741" /><testcase classname="backend.tests.test_crm_features.TestRoleBasedAccess" name="test_sales_user_can_access_leads" time="0.633" /><testcase classname="backend.tests.test_crm_features.TestRoleBasedAccess" name="test_sales_user_can_create_lead" time="0.664" /><testcase classname="backend.tests.test_crm_features.TestRoleBasedAccess" name="test_unauthenticated_request_rejected" time="0.651" /><testcase classname="backend.tests.test_crm_features.TestRoleBasedAccess" name="test_invalid_token_rejected" time="0.651" /></testsuite></testsuites>