<?xml version="1.0" encoding="utf-8"?><testsuites name="pytest tests"><testsuite name="pytest" errors="0" failures="0" skipped="0" tests="23" time="14.869" timestamp="2026-03-10T12:20:57.449393+00:00" hostname="agent-env-21d7841c-3e01-46d9-9e63-90652e3d6891"><testcase classname="backend.tests.test_crm_features.TestAuthentication" name="test_superadmin_login" time="0.233" /><testcase classname="backend.tests.test_crm_features.TestAuthentication" name="test_manager_login" time="0.181" /><testcase classname="backend.tests.test_crm_features.TestAuthentication" name="test_sales_user_login" time="0.184" /><testcase classname="backend.tests.test_crm_features.TestTeamsAPI" name="test_get_all_teams_as_super_admin" time="0.701" /><testcase classname="backend.tests.test_crm_features.TestTeamsAPI" name="test_get_all_teams_as_manager_forbidden" time="0.685" /><testcase classname="backend.tests.test_crm_features.TestTeamsAPI" name="test_get_my_teams_as_manager" time="0.731" /><testcase classname="backend.tests.test_crm_features.TestTeamsAPI" name="test_create_team_as_super_admin" time="0.766" /><testcase classname="backend.tests.test_crm_features.TestTeamsAPI" name="test_create_team_as_manager_forbidden" time="0.641" /><testcase classname="backend.tests.test_crm_features.TestLeadsAPI" name="test_get_leads_as_super_admin" time="0.654" /><testcase classname="backend.tests.test_crm_features.TestLeadsAPI" name="test_get_leads_stats" time="0.729" /><testcase classname="backend.tests.test_crm_features.TestLeadsAPI" name="test_create_lead_as_super_admin" time="0.679" /><testcase classname="backend.tests.test_crm_features.TestLeadsAPI" name="test_update_lead_status" time="0.752" /><testcase classname="backend.tests.test_crm_features.TestLeadsAPI" name="test_get_lead_by_id" time="0.789" /><testcase classname="backend.tests.test_crm_features.TestLeadsAPI" name="test_duplicate_email_rejected" time="0.791" /><testcase classname="backend.tests.test_crm_features.TestProgramsAPI" name="test_get_all_programs" time="0.667" /><testcase classname="backend.tests.test_crm_features.TestProgramsAPI" name="test_get_programs_with_inactive" time="0.690" /><testcase classname="backend.tests.test_crm_features.TestProgramsAPI" name="test_create_program_as_super_admin" time="0.692" /><testcase classname="backend.tests.test_crm_features.TestProgramsAPI" name="test_create_program_as_manager_forbidden" time="0.631" /><testcase classname="backend.tests.test_crm_features.TestProgramsAPI" name="test_get_program_by_id" time="0.735" /><testcase classname="backend.tests.test_crm_features.TestRoleBasedAccess" name="test_sales_user_can_access_leads" time="0.670" /><testcase classname="backend.tests.test_crm_features.TestRoleBasedAccess" name="test_sales_user_can_create_lead" time="0.771" /><testcase classname="backend.tests.test_crm_features.TestRoleBasedAccess" name="test_unauthenticated_request_rejected" time="0.690" /><testcase classname="backend.tests.test_crm_features.TestRoleBasedAccess" name="test_invalid_token_rejected" time="0.691" /></testsuite></testsuites>