<?xml version="1.0" encoding="utf-8"?><testsuites name="pytest tests"><testsuite name="pytest" errors="0" failures="0" skipped="0" tests="18" time="4.787" timestamp="2026-03-09T15:11:15.400875+00:00" hostname="agent-env-6f1698f9-4489-499d-af2b-d2da3195fe45"><testcase classname="backend.tests.test_rep_driven_workflow.TestAuthWithInactiveAccount" name="test_admin_login_works" time="0.223" /><testcase classname="backend.tests.test_rep_driven_workflow.TestAuthWithInactiveAccount" name="test_rep_login_works" time="0.192" /><testcase classname="backend.tests.test_rep_driven_workflow.TestAuthWithInactiveAccount" name="test_approved_student_can_login" time="0.196" /><testcase classname="backend.tests.test_rep_driven_workflow.TestRepDashboardStats" name="test_rep_dashboard_stats" time="0.127" /><testcase classname="backend.tests.test_rep_driven_workflow.TestRepRegisterStudent" name="test_rep_register_student_creates_inactive_account" time="0.349" /><testcase classname="backend.tests.test_rep_driven_workflow.TestRepStudentsList" name="test_rep_get_students" time="0.117" /><testcase classname="backend.tests.test_rep_driven_workflow.TestRepDocumentUpload" name="test_rep_upload_all_required_documents" time="0.674" /><testcase classname="backend.tests.test_rep_driven_workflow.TestRepSubmitForReview" name="test_rep_submit_for_review" time="0.176" /><testcase classname="backend.tests.test_rep_driven_workflow.TestAdminDashboardStats" name="test_admin_dashboard_stats" time="0.166" /><testcase classname="backend.tests.test_rep_driven_workflow.TestAdminPendingDocuments" name="test_admin_get_pending_documents" time="0.142" /><testcase classname="backend.tests.test_rep_driven_workflow.TestAdminDocumentApproval" name="test_admin_approve_document" time="0.220" /><testcase classname="backend.tests.test_rep_driven_workflow.TestAdminDocumentApproval" name="test_admin_reject_document" time="0.249" /><testcase classname="backend.tests.test_rep_driven_workflow.TestAdminApplicationsList" name="test_admin_get_applications" time="0.118" /><testcase classname="backend.tests.test_rep_driven_workflow.TestAdminApplicationApproval" name="test_admin_approve_application_activates_account" time="0.740" /><testcase classname="backend.tests.test_rep_driven_workflow.TestStudentLoginAfterApproval" name="test_newly_approved_student_can_login" time="0.189" /><testcase classname="backend.tests.test_rep_driven_workflow.TestUnauthorizedAccess" name="test_rep_endpoints_require_auth" time="0.358" /><testcase classname="backend.tests.test_rep_driven_workflow.TestUnauthorizedAccess" name="test_admin_endpoints_require_auth" time="0.377" /><testcase classname="backend.tests.test_rep_driven_workflow.TestUnauthorizedAccess" name="test_rep_cannot_access_admin_endpoints" time="0.117" /></testsuite></testsuites>