<?xml version="1.0" encoding="utf-8"?><testsuites name="pytest tests"><testsuite name="pytest" errors="0" failures="0" skipped="0" tests="20" time="6.190" timestamp="2026-03-12T10:47:38.117907+00:00" hostname="agent-env-3524c8bc-1b66-4896-a9ab-b5b5d77bf2b0"><testcase classname="backend.tests.test_website_settings_10tabs.TestAll10TabsAccessible" name="test_super_admin_can_access_all_10_sections" time="1.464" /><testcase classname="backend.tests.test_website_settings_10tabs.TestAll10TabsAccessible" name="test_super_admin_can_update_all_10_sections" time="1.132" /><testcase classname="backend.tests.test_website_settings_10tabs.TestTrainingAcademyTab" name="test_academy_tab_can_store_page_title" time="0.286" /><testcase classname="backend.tests.test_website_settings_10tabs.TestTrainingAcademyTab" name="test_academy_tab_can_store_page_subtitle" time="0.114" /><testcase classname="backend.tests.test_website_settings_10tabs.TestTrainingAcademyTab" name="test_academy_tab_can_store_hero_image" time="0.130" /><testcase classname="backend.tests.test_website_settings_10tabs.TestTrainingAcademyTab" name="test_academy_tab_can_store_description" time="0.119" /><testcase classname="backend.tests.test_website_settings_10tabs.TestTrainingAcademyTab" name="test_academy_tab_can_store_highlights" time="0.148" /><testcase classname="backend.tests.test_website_settings_10tabs.TestTrainingAcademyTab" name="test_academy_tab_can_store_gallery" time="0.106" /><testcase classname="backend.tests.test_website_settings_10tabs.TestTrainingAcademyTab" name="test_academy_tab_can_store_sections" time="0.116" /><testcase classname="backend.tests.test_website_settings_10tabs.TestTrainingAcademyTab" name="test_academy_tab_can_store_location_info" time="0.096" /><testcase classname="backend.tests.test_website_settings_10tabs.TestTrainingAcademyTab" name="test_academy_tab_can_store_cta_button" time="0.118" /><testcase classname="backend.tests.test_website_settings_10tabs.TestTrainingAcademyTab" name="test_academy_full_content_save_and_retrieve" time="0.219" /><testcase classname="backend.tests.test_website_settings_10tabs.TestPublicTrainingAcademyEndpoint" name="test_public_academy_endpoint_works_without_auth" time="0.100" /><testcase classname="backend.tests.test_website_settings_10tabs.TestPublicTrainingAcademyEndpoint" name="test_public_academy_returns_saved_content" time="0.403" /><testcase classname="backend.tests.test_website_settings_10tabs.TestAccessControlNonSuperAdmin" name="test_manager_cannot_access_website_settings" time="0.274" /><testcase classname="backend.tests.test_website_settings_10tabs.TestAccessControlNonSuperAdmin" name="test_manager_cannot_update_website_settings" time="0.104" /><testcase classname="backend.tests.test_website_settings_10tabs.TestAccessControlNonSuperAdmin" name="test_sales_cannot_access_website_settings" time="0.296" /><testcase classname="backend.tests.test_website_settings_10tabs.TestAccessControlNonSuperAdmin" name="test_no_auth_cannot_access_admin_settings" time="0.105" /><testcase classname="backend.tests.test_website_settings_10tabs.TestDataPersistence" name="test_navigation_section_data_persists" time="0.419" /><testcase classname="backend.tests.test_website_settings_10tabs.TestDataPersistence" name="test_home_section_data_persists" time="0.221" /></testsuite></testsuites>