<?xml version="1.0" encoding="utf-8"?><testsuites name="pytest tests"><testsuite name="pytest" errors="0" failures="0" skipped="0" tests="19" time="6.832" timestamp="2026-03-10T13:51:05.340344+00:00" hostname="agent-env-21d7841c-3e01-46d9-9e63-90652e3d6891"><testcase classname="backend.tests.test_manager_portal.TestManagerPortalAuth" name="test_manager_login_success" time="0.216" /><testcase classname="backend.tests.test_manager_portal.TestManagerPortalAuth" name="test_rep_login_success" time="0.203" /><testcase classname="backend.tests.test_manager_portal.TestManagerDashboard" name="test_manager_stats_endpoint" time="0.293" /><testcase classname="backend.tests.test_manager_portal.TestManagerDashboard" name="test_manager_stats_forbidden_for_rep" time="0.307" /><testcase classname="backend.tests.test_manager_portal.TestManagerDashboard" name="test_top_reps_endpoint" time="0.398" /><testcase classname="backend.tests.test_manager_portal.TestManagerDashboard" name="test_commission_summary_endpoint" time="0.327" /><testcase classname="backend.tests.test_manager_portal.TestManagerTeam" name="test_team_performance_endpoint" time="0.304" /><testcase classname="backend.tests.test_manager_portal.TestManagerTeam" name="test_get_reps_for_dropdown" time="0.333" /><testcase classname="backend.tests.test_manager_portal.TestManagerPipeline" name="test_pipeline_endpoint" time="0.340" /><testcase classname="backend.tests.test_manager_portal.TestManagerPipeline" name="test_pipeline_with_rep_filter" time="0.463" /><testcase classname="backend.tests.test_manager_portal.TestManagerPipeline" name="test_pipeline_with_search" time="0.320" /><testcase classname="backend.tests.test_manager_portal.TestManagerCommissions" name="test_manager_commissions_endpoint" time="0.286" /><testcase classname="backend.tests.test_manager_portal.TestManagerCommissions" name="test_commissions_with_status_filter" time="0.684" /><testcase classname="backend.tests.test_manager_portal.TestManagerCommissions" name="test_payable_commissions_endpoint" time="0.301" /><testcase classname="backend.tests.test_manager_portal.TestManagerReports" name="test_lead_funnel_report" time="0.306" /><testcase classname="backend.tests.test_manager_portal.TestManagerReports" name="test_enrollments_report" time="0.327" /><testcase classname="backend.tests.test_manager_portal.TestManagerReports" name="test_enrollments_report_groupby" time="0.444" /><testcase classname="backend.tests.test_manager_portal.TestManagerReports" name="test_commissions_report" time="0.285" /><testcase classname="backend.tests.test_manager_portal.TestManagerReports" name="test_reports_with_date_range" time="0.561" /></testsuite></testsuites>