<?xml version="1.0" encoding="utf-8"?><testsuites name="pytest tests"><testsuite name="pytest" errors="0" failures="0" skipped="0" tests="22" time="16.144" timestamp="2026-03-10T14:49:29.623914+00:00" hostname="agent-env-40b9a6c6-a3d9-4646-a10a-adfe23ccbb42"><testcase classname="backend.tests.test_programme_management.TestProgrammeManagementAPI" name="test_list_programmes_success" time="0.426" /><testcase classname="backend.tests.test_programme_management.TestProgrammeManagementAPI" name="test_list_programmes_with_active_filter" time="0.335" /><testcase classname="backend.tests.test_programme_management.TestProgrammeManagementAPI" name="test_list_programmes_with_search" time="0.338" /><testcase classname="backend.tests.test_programme_management.TestProgrammeManagementAPI" name="test_get_programme_stats" time="0.292" /><testcase classname="backend.tests.test_programme_management.TestProgrammeManagementAPI" name="test_create_programme_success" time="0.462" /><testcase classname="backend.tests.test_programme_management.TestProgrammeManagementAPI" name="test_create_programme_with_different_currencies" time="0.969" /><testcase classname="backend.tests.test_programme_management.TestProgrammeManagementAPI" name="test_create_programme_validation_name_too_short" time="0.720" /><testcase classname="backend.tests.test_programme_management.TestProgrammeManagementAPI" name="test_create_programme_validation_price_zero" time="0.638" /><testcase classname="backend.tests.test_programme_management.TestProgrammeManagementAPI" name="test_create_programme_validation_negative_price" time="0.671" /><testcase classname="backend.tests.test_programme_management.TestProgrammeManagementAPI" name="test_create_programme_duplicate_name" time="0.765" /><testcase classname="backend.tests.test_programme_management.TestProgrammeManagementAPI" name="test_create_programme_invalid_currency" time="0.764" /><testcase classname="backend.tests.test_programme_management.TestProgrammeManagementAPI" name="test_update_programme_success" time="0.929" /><testcase classname="backend.tests.test_programme_management.TestProgrammeManagementAPI" name="test_update_programme_partial" time="0.774" /><testcase classname="backend.tests.test_programme_management.TestProgrammeManagementAPI" name="test_update_programme_not_found" time="0.758" /><testcase classname="backend.tests.test_programme_management.TestProgrammeManagementAPI" name="test_update_programme_duplicate_name" time="1.199" /><testcase classname="backend.tests.test_programme_management.TestProgrammeManagementAPI" name="test_deactivate_programme_success" time="1.144" /><testcase classname="backend.tests.test_programme_management.TestProgrammeManagementAPI" name="test_deactivate_programme_with_enrollments_fails" time="1.196" /><testcase classname="backend.tests.test_programme_management.TestProgrammeManagementAPI" name="test_deactivate_programme_not_found" time="1.023" /><testcase classname="backend.tests.test_programme_management.TestProgrammeManagementAPI" name="test_activate_programme_success" time="1.363" /><testcase classname="backend.tests.test_programme_management.TestProgrammeManagementAPI" name="test_activate_programme_not_found" time="1.010" /><testcase classname="backend.tests.test_programme_management.TestProgrammeManagementAuth" name="test_list_programmes_no_auth" time="0.118" /><testcase classname="backend.tests.test_programme_management.TestProgrammeManagementAuth" name="test_create_programme_no_auth" time="0.112" /></testsuite></testsuites>