<?xml version="1.0" encoding="utf-8"?><testsuites name="pytest tests"><testsuite name="pytest" errors="0" failures="0" skipped="0" tests="19" time="3.627" timestamp="2026-03-10T13:38:15.979670+00:00" hostname="agent-env-21d7841c-3e01-46d9-9e63-90652e3d6891"><testcase classname="backend.tests.test_stripe_webhook.TestAuthentication" name="test_login_success" time="0.333" /><testcase classname="backend.tests.test_stripe_webhook.TestStripeWebhook" name="test_webhook_accepts_events" time="0.194" /><testcase classname="backend.tests.test_stripe_webhook.TestStripeWebhook" name="test_webhook_checkout_session_completed" time="0.126" /><testcase classname="backend.tests.test_stripe_webhook.TestStripeWebhook" name="test_webhook_refund_created" time="0.111" /><testcase classname="backend.tests.test_stripe_webhook.TestStripeWebhook" name="test_webhook_payment_intent_succeeded" time="0.129" /><testcase classname="backend.tests.test_stripe_webhook.TestStripeWebhook" name="test_webhook_session_expired" time="0.125" /><testcase classname="backend.tests.test_stripe_webhook.TestStripeWebhook" name="test_webhook_charge_refunded" time="0.126" /><testcase classname="backend.tests.test_stripe_webhook.TestStripeWebhook" name="test_webhook_dispute_created" time="0.115" /><testcase classname="backend.tests.test_stripe_webhook.TestCommissionRulesAPI" name="test_get_commission_rules" time="0.338" /><testcase classname="backend.tests.test_stripe_webhook.TestCommissionRulesAPI" name="test_commission_rules_have_default_rules" time="0.123" /><testcase classname="backend.tests.test_stripe_webhook.TestCommissionRulesAPI" name="test_commission_rules_hold_days" time="0.105" /><testcase classname="backend.tests.test_stripe_webhook.TestCronJobsAPI" name="test_get_cron_status" time="0.321" /><testcase classname="backend.tests.test_stripe_webhook.TestCronJobsAPI" name="test_cron_jobs_have_required_fields" time="0.110" /><testcase classname="backend.tests.test_stripe_webhook.TestCronJobsAPI" name="test_process_pending_validations_job_exists" time="0.109" /><testcase classname="backend.tests.test_stripe_webhook.TestReportsAPI" name="test_reports_referrals" time="0.330" /><testcase classname="backend.tests.test_stripe_webhook.TestReportsAPI" name="test_reports_commissions" time="0.112" /><testcase classname="backend.tests.test_stripe_webhook.TestAuditLogsCapture" name="test_audit_logs_available" time="0.316" /><testcase classname="backend.tests.test_stripe_webhook.TestAuditLogsCapture" name="test_audit_logs_action_types" time="0.112" /><testcase classname="backend.tests.test_stripe_webhook.TestCommissionStats" name="test_get_commission_stats" time="0.300" /></testsuite></testsuites>