<?xml version="1.0" encoding="utf-8"?><testsuites name="pytest tests"><testsuite name="pytest" errors="0" failures="2" skipped="0" tests="18" time="3.622" timestamp="2026-03-10T13:20:41.743648+00:00" hostname="agent-env-21d7841c-3e01-46d9-9e63-90652e3d6891"><testcase classname="tests.test_superadmin_portal.TestManagersAPI" name="test_get_managers_list" time="0.373" /><testcase classname="tests.test_superadmin_portal.TestManagersAPI" name="test_get_managers_stats" time="0.120" /><testcase classname="tests.test_superadmin_portal.TestFraudAlertsAPI" name="test_get_fraud_alerts_summary" time="0.306" /><testcase classname="tests.test_superadmin_portal.TestFraudAlertsAPI" name="test_get_fraud_alerts_list" time="0.107" /><testcase classname="tests.test_superadmin_portal.TestFraudAlertsAPI" name="test_get_fraud_alerts_with_status_filter" time="0.114" /><testcase classname="tests.test_superadmin_portal.TestAuditLogsAPI" name="test_get_audit_logs" time="0.299" /><testcase classname="tests.test_superadmin_portal.TestAuditLogsAPI" name="test_get_audit_logs_actions" time="0.128" /><testcase classname="tests.test_superadmin_portal.TestAuditLogsAPI" name="test_get_audit_logs_entity_types" time="0.110" /><testcase classname="tests.test_superadmin_portal.TestAuditLogsAPI" name="test_get_audit_logs_with_filters" time="0.167" /><testcase classname="tests.test_superadmin_portal.TestReportsAPI" name="test_get_enrollments_report" time="0.297" /><testcase classname="tests.test_superadmin_portal.TestReportsAPI" name="test_get_commissions_report" time="0.122" /><testcase classname="tests.test_superadmin_portal.TestReportsAPI" name="test_get_payouts_report" time="0.117" /><testcase classname="tests.test_superadmin_portal.TestReportsAPI" name="test_get_lead_funnel_report" time="0.109" /><testcase classname="tests.test_superadmin_portal.TestReportsAPI" name="test_get_referrals_report" time="0.131"><failure message="AssertionError: Failed: {&quot;detail&quot;:&quot;Failed to generate report&quot;}&#10;assert 500 == 200&#10; +  where 500 = &lt;Response [500]&gt;.status_code">tests/test_superadmin_portal.py:182: in test_get_referrals_report
    assert response.status_code == 200, f"Failed: {response.text}"
E   AssertionError: Failed: {"detail":"Failed to generate report"}
E   assert 500 == 200
E    +  where 500 = &lt;Response [500]&gt;.status_code</failure></testcase><testcase classname="tests.test_superadmin_portal.TestCommissionRulesAPI" name="test_get_commission_rules" time="0.284"><failure message="AssertionError: Failed: {&quot;detail&quot;:&quot;Commission not found&quot;}&#10;assert 404 == 200&#10; +  where 404 = &lt;Response [404]&gt;.status_code">tests/test_superadmin_portal.py:195: in test_get_commission_rules
    assert response.status_code == 200, f"Failed: {response.text}"
E   AssertionError: Failed: {"detail":"Commission not found"}
E   assert 404 == 200
E    +  where 404 = &lt;Response [404]&gt;.status_code</failure></testcase><testcase classname="tests.test_superadmin_portal.TestPayoutsAPI" name="test_get_payouts_list" time="0.300" /><testcase classname="tests.test_superadmin_portal.TestPayoutsAPI" name="test_get_payouts_stats" time="0.126" /><testcase classname="tests.test_superadmin_portal.TestPrograms" name="test_get_programs" time="0.331" /></testsuite></testsuites>