<?xml version="1.0" encoding="utf-8"?><testsuites name="pytest tests"><testsuite name="pytest" errors="0" failures="0" skipped="1" tests="12" time="4.332" timestamp="2026-03-10T15:49:10.414687+00:00" hostname="agent-env-ab579c4b-471c-4c82-ba7d-317929a4b168"><testcase classname="backend.tests.test_commission_override.TestAuthentication" name="test_super_admin_login" time="0.269" /><testcase classname="backend.tests.test_commission_override.TestAuthentication" name="test_manager_login" time="0.195" /><testcase classname="backend.tests.test_commission_override.TestCommissionRulesAPI" name="test_get_commission_rules" time="0.317" /><testcase classname="backend.tests.test_commission_override.TestCommissionRulesAPI" name="test_create_rule_with_scope_global" time="0.352" /><testcase classname="backend.tests.test_commission_override.TestCommissionRulesAPI" name="test_create_rule_with_programme_scope" time="0.372"><skipped type="pytest.skip" message="No programmes available to test programme-specific rules">/app/backend/tests/test_commission_override.py:99: No programmes available to test programme-specific rules</skipped></testcase><testcase classname="backend.tests.test_commission_override.TestCommissionRulesAPI" name="test_rule_has_override_bounds_fields" time="0.314" /><testcase classname="backend.tests.test_commission_override.TestOverrideRequestsAPI" name="test_get_override_requests_admin" time="0.359" /><testcase classname="backend.tests.test_commission_override.TestOverrideRequestsAPI" name="test_get_pending_count" time="0.371" /><testcase classname="backend.tests.test_commission_override.TestOverrideRequestsAPI" name="test_filter_by_status" time="0.581" /><testcase classname="backend.tests.test_commission_override.TestOverrideRequestsAPI" name="test_manager_cannot_access_admin_override_endpoint" time="0.328" /><testcase classname="backend.tests.test_commission_override.TestManagerCommissionsOverride" name="test_get_manager_commissions" time="0.310" /><testcase classname="backend.tests.test_commission_override.TestCleanup" name="test_cleanup_test_rules" time="0.457" /></testsuite></testsuites>