<?xml version="1.0" encoding="utf-8"?><testsuites name="pytest tests"><testsuite name="pytest" errors="0" failures="0" skipped="1" tests="12" time="5.641" timestamp="2026-03-11T12:19:42.538394+00:00" hostname="agent-env-92d02222-7cea-43fd-902c-debe14f38987"><testcase classname="backend.tests.test_ghl_integration.TestAuthentication" name="test_login_super_admin" time="0.289" /><testcase classname="backend.tests.test_ghl_integration.TestApplicationsEndpoint" name="test_get_applications_review_list" time="0.591" /><testcase classname="backend.tests.test_ghl_integration.TestApplicationsEndpoint" name="test_get_applications_list_main" time="0.620" /><testcase classname="backend.tests.test_ghl_integration.TestGHLFields" name="test_student_has_ghl_fields" time="0.292" /><testcase classname="backend.tests.test_ghl_integration.TestApproveApplication" name="test_approve_application_requires_valid_student" time="0.310" /><testcase classname="backend.tests.test_ghl_integration.TestApproveApplication" name="test_approve_application_endpoint_exists" time="0.368"><skipped type="pytest.skip" message="No under_review students to test">/app/backend/tests/test_ghl_integration.py:150: No under_review students to test</skipped></testcase><testcase classname="backend.tests.test_ghl_integration.TestQualifyStudent" name="test_qualify_student_requires_valid_student" time="0.311" /><testcase classname="backend.tests.test_ghl_integration.TestQualifyStudent" name="test_qualify_student_endpoint_exists" time="0.509" /><testcase classname="backend.tests.test_ghl_integration.TestSendBookingLink" name="test_send_booking_link_invalid_student" time="0.283" /><testcase classname="backend.tests.test_ghl_integration.TestSendBookingLink" name="test_send_booking_link_endpoint_exists" time="1.132" /><testcase classname="backend.tests.test_ghl_integration.TestGHLWebhook" name="test_webhook_endpoint_exists" time="0.097" /><testcase classname="backend.tests.test_ghl_integration.TestStatusEnums" name="test_status_filter_works" time="0.715" /></testsuite></testsuites>