<?xml version="1.0" encoding="utf-8"?><testsuites name="pytest tests"><testsuite name="pytest" errors="0" failures="0" skipped="0" tests="41" time="3.393" timestamp="2026-03-10T11:50:26.375914+00:00" hostname="agent-env-07ea41ec-b337-4d61-9e7a-b90df61668e2"><testcase classname="tests.test_commission_payout_phase2.TestAuthentication" name="test_super_admin_login" time="0.295" /><testcase classname="tests.test_commission_payout_phase2.TestAuthentication" name="test_manager_login" time="0.127" /><testcase classname="tests.test_commission_payout_phase2.TestAuthentication" name="test_sales_user_login" time="0.127" /><testcase classname="tests.test_commission_payout_phase2.TestAuthentication" name="test_rep_login" time="0.124" /><testcase classname="tests.test_commission_payout_phase2.TestCommissionsAPI" name="test_get_commissions_admin" time="0.186" /><testcase classname="tests.test_commission_payout_phase2.TestCommissionsAPI" name="test_get_commissions_stats_admin" time="0.081" /><testcase classname="tests.test_commission_payout_phase2.TestCommissionsAPI" name="test_get_commissions_stats_forbidden_for_sales" time="0.179" /><testcase classname="tests.test_commission_payout_phase2.TestCommissionsAPI" name="test_get_my_commissions" time="0.062" /><testcase classname="tests.test_commission_payout_phase2.TestCommissionsAPI" name="test_get_commissions_with_status_filter" time="0.056" /><testcase classname="tests.test_commission_payout_phase2.TestCommissionsAPI" name="test_get_commissions_with_role_filter" time="0.052" /><testcase classname="tests.test_commission_payout_phase2.TestCommissionsAPI" name="test_sales_user_sees_only_own_commissions" time="0.100" /><testcase classname="tests.test_commission_payout_phase2.TestCommissionsAPI" name="test_approve_commission_unauthorized_for_sales" time="0.052" /><testcase classname="tests.test_commission_payout_phase2.TestCommissionsAPI" name="test_reject_commission_unauthorized_for_sales" time="0.050" /><testcase classname="tests.test_commission_payout_phase2.TestCommissionsAPI" name="test_approve_nonexistent_commission" time="0.053" /><testcase classname="tests.test_commission_payout_phase2.TestCommissionsAPI" name="test_bulk_approve_unauthorized_for_sales" time="0.052" /><testcase classname="tests.test_commission_payout_phase2.TestPayoutsAPI" name="test_get_payouts_admin" time="0.056" /><testcase classname="tests.test_commission_payout_phase2.TestPayoutsAPI" name="test_get_payouts_stats_admin" time="0.051" /><testcase classname="tests.test_commission_payout_phase2.TestPayoutsAPI" name="test_get_payouts_stats_forbidden_for_sales" time="0.053" /><testcase classname="tests.test_commission_payout_phase2.TestPayoutsAPI" name="test_get_my_payouts" time="0.063" /><testcase classname="tests.test_commission_payout_phase2.TestPayoutsAPI" name="test_get_payouts_with_status_filter" time="0.055" /><testcase classname="tests.test_commission_payout_phase2.TestPayoutsAPI" name="test_create_payout_unauthorized_for_sales" time="0.059" /><testcase classname="tests.test_commission_payout_phase2.TestPayoutsAPI" name="test_create_payout_requires_user_id" time="0.051" /><testcase classname="tests.test_commission_payout_phase2.TestPayoutsAPI" name="test_create_payout_nonexistent_user" time="0.053" /><testcase classname="tests.test_commission_payout_phase2.TestPayoutsAPI" name="test_approve_payout_unauthorized_for_sales" time="0.059" /><testcase classname="tests.test_commission_payout_phase2.TestPayoutsAPI" name="test_approve_nonexistent_payout" time="0.059" /><testcase classname="tests.test_commission_payout_phase2.TestPayoutsAPI" name="test_mark_paid_unauthorized_for_sales" time="0.051" /><testcase classname="tests.test_commission_payout_phase2.TestPayoutsAPI" name="test_mark_paid_nonexistent_payout" time="0.050" /><testcase classname="tests.test_commission_payout_phase2.TestPayoutsAPI" name="test_export_payouts_admin" time="0.080" /><testcase classname="tests.test_commission_payout_phase2.TestPayoutsAPI" name="test_export_payouts_unauthorized_for_sales" time="0.051" /><testcase classname="tests.test_commission_payout_phase2.TestPayoutsAPI" name="test_cancel_payout_unauthorized_for_sales" time="0.048" /><testcase classname="tests.test_commission_payout_phase2.TestRoleBasedAccess" name="test_manager_commission_access" time="0.200" /><testcase classname="tests.test_commission_payout_phase2.TestRoleBasedAccess" name="test_manager_stats_access_forbidden" time="0.051" /><testcase classname="tests.test_commission_payout_phase2.TestRoleBasedAccess" name="test_manager_payout_access" time="0.049" /><testcase classname="tests.test_commission_payout_phase2.TestRoleBasedAccess" name="test_rep_commission_access" time="0.175" /><testcase classname="tests.test_commission_payout_phase2.TestRoleBasedAccess" name="test_rep_my_commissions_access" time="0.047" /><testcase classname="tests.test_commission_payout_phase2.TestRoleBasedAccess" name="test_unauthenticated_commission_access_forbidden" time="0.062" /><testcase classname="tests.test_commission_payout_phase2.TestRoleBasedAccess" name="test_unauthenticated_payout_access_forbidden" time="0.051" /><testcase classname="tests.test_commission_payout_phase2.TestEmptyStateResponses" name="test_commissions_empty_response_format" time="0.050" /><testcase classname="tests.test_commission_payout_phase2.TestEmptyStateResponses" name="test_payouts_empty_response_format" time="0.066" /><testcase classname="tests.test_commission_payout_phase2.TestEmptyStateResponses" name="test_commission_stats_empty_format" time="0.051" /><testcase classname="tests.test_commission_payout_phase2.TestEmptyStateResponses" name="test_payout_stats_empty_format" time="0.050" /></testsuite></testsuites>