<?xml version="1.0" encoding="utf-8"?><testsuites name="pytest tests"><testsuite name="pytest" errors="0" failures="0" skipped="0" tests="11" time="3.756" timestamp="2026-03-10T12:21:50.381664+00:00" hostname="agent-env-21d7841c-3e01-46d9-9e63-90652e3d6891"><testcase classname="backend.tests.test_kanban_features.TestLoginVerification" name="test_super_admin_login_returns_correct_role" time="0.242" /><testcase classname="backend.tests.test_kanban_features.TestLoginVerification" name="test_rep_user_login_returns_correct_role" time="0.190" /><testcase classname="backend.tests.test_kanban_features.TestKanbanStatusUpdate" name="test_update_lead_status_to_contacted" time="0.433" /><testcase classname="backend.tests.test_kanban_features.TestKanbanStatusUpdate" name="test_update_lead_status_to_interested" time="0.439" /><testcase classname="backend.tests.test_kanban_features.TestKanbanStatusUpdate" name="test_update_status_with_invalid_lead_returns_404" time="0.422" /><testcase classname="backend.tests.test_kanban_features.TestKanbanStatusUpdate" name="test_update_status_without_status_returns_400" time="0.404" /><testcase classname="backend.tests.test_kanban_features.TestKanbanLeadColumns" name="test_leads_have_valid_kanban_status" time="0.292" /><testcase classname="backend.tests.test_kanban_features.TestKanbanLeadColumns" name="test_leads_stats_returns_by_status" time="0.337" /><testcase classname="backend.tests.test_kanban_features.TestRepUserCRMAccess" name="test_rep_can_access_leads" time="0.301" /><testcase classname="backend.tests.test_kanban_features.TestRepUserCRMAccess" name="test_rep_can_access_students_api" time="0.302" /><testcase classname="backend.tests.test_kanban_features.TestRepUserCRMAccess" name="test_rep_can_access_commissions" time="0.330" /></testsuite></testsuites>