<?xml version="1.0" encoding="utf-8"?><testsuites name="pytest tests"><testsuite name="pytest" errors="0" failures="0" skipped="1" tests="17" time="1.885" timestamp="2026-03-10T17:01:54.641961+00:00" hostname="agent-env-ab579c4b-471c-4c82-ba7d-317929a4b168"><testcase classname="backend.tests.test_bugfixes_iter20.TestBug1StudentModuleProgress" name="test_student_courses_endpoint_exists" time="0.274" /><testcase classname="backend.tests.test_bugfixes_iter20.TestBug1StudentModuleProgress" name="test_get_enrolled_student_data" time="0.061" /><testcase classname="backend.tests.test_bugfixes_iter20.TestBug1StudentModuleProgress" name="test_get_programmes_with_modules" time="0.180" /><testcase classname="backend.tests.test_bugfixes_iter20.TestBug1StudentModuleProgress" name="test_module_progress_endpoint_validation" time="0.001"><skipped type="pytest.skip" message="No programme/module available for testing">/app/backend/tests/test_bugfixes_iter20.py:151: No programme/module available for testing</skipped></testcase><testcase classname="backend.tests.test_bugfixes_iter20.TestBug2CommissionPayouts" name="test_debug_trigger_commission_endpoint_exists" time="0.080" /><testcase classname="backend.tests.test_bugfixes_iter20.TestBug2CommissionPayouts" name="test_debug_trigger_commission_with_student" time="0.140" /><testcase classname="backend.tests.test_bugfixes_iter20.TestBug2CommissionPayouts" name="test_commissions_list_endpoint" time="0.063" /><testcase classname="backend.tests.test_bugfixes_iter20.TestBug2CommissionPayouts" name="test_payable_commissions_filter" time="0.061" /><testcase classname="backend.tests.test_bugfixes_iter20.TestBug2CommissionPayouts" name="test_payouts_stats_endpoint" time="0.072" /><testcase classname="backend.tests.test_bugfixes_iter20.TestBug2CommissionPayouts" name="test_payouts_list_endpoint" time="0.076" /><testcase classname="backend.tests.test_bugfixes_iter20.TestBug3UserRoleLabels" name="test_user_info_returns_role" time="0.056" /><testcase classname="backend.tests.test_bugfixes_iter20.TestBug3UserRoleLabels" name="test_manager_role_info" time="0.180" /><testcase classname="backend.tests.test_bugfixes_iter20.TestBug3UserRoleLabels" name="test_rep_role_info" time="0.259" /><testcase classname="backend.tests.test_bugfixes_iter20.TestBug3UserRoleLabels" name="test_users_list_shows_roles" time="0.060" /><testcase classname="backend.tests.test_bugfixes_iter20.TestIntegration" name="test_health_check" time="0.052" /><testcase classname="backend.tests.test_bugfixes_iter20.TestIntegration" name="test_authentication_flow" time="0.155" /><testcase classname="backend.tests.test_bugfixes_iter20.TestIntegration" name="test_admin_access_control" time="0.059" /></testsuite></testsuites>