<?xml version="1.0" encoding="utf-8"?><testsuites name="pytest tests"><testsuite name="pytest" errors="0" failures="0" skipped="5" tests="20" time="6.484" timestamp="2026-03-10T16:43:21.470371+00:00" hostname="agent-env-ab579c4b-471c-4c82-ba7d-317929a4b168"><testcase classname="backend.tests.test_new_features_iter19.TestAuth" name="test_super_admin_login" time="0.203" /><testcase classname="backend.tests.test_new_features_iter19.TestAdminEnrolments" name="test_get_enrolments_list" time="0.316" /><testcase classname="backend.tests.test_new_features_iter19.TestAdminEnrolments" name="test_get_enrolments_with_filters" time="0.392" /><testcase classname="backend.tests.test_new_features_iter19.TestAdminEnrolments" name="test_get_enrolments_requires_auth" time="0.311" /><testcase classname="backend.tests.test_new_features_iter19.TestAdminEnrolments" name="test_get_enrolment_timeline_requires_auth" time="0.369" /><testcase classname="backend.tests.test_new_features_iter19.TestAdminEnrolments" name="test_get_enrolment_timeline_not_found" time="0.325" /><testcase classname="backend.tests.test_new_features_iter19.TestLeadConversion" name="test_convert_lead_requires_programme_id" time="0.302"><skipped type="pytest.skip" message="No unconverted leads available for testing">/app/backend/tests/test_new_features_iter19.py:134: No unconverted leads available for testing</skipped></testcase><testcase classname="backend.tests.test_new_features_iter19.TestLeadConversion" name="test_convert_lead_not_found" time="0.294" /><testcase classname="backend.tests.test_new_features_iter19.TestLeadConversion" name="test_convert_lead_invalid_programme" time="0.326"><skipped type="pytest.skip" message="No unconverted leads available for testing">/app/backend/tests/test_new_features_iter19.py:169: No unconverted leads available for testing</skipped></testcase><testcase classname="backend.tests.test_new_features_iter19.TestLeadConversion" name="test_convert_lead_full_flow" time="0.338"><skipped type="pytest.skip" message="No unconverted leads available - may have been converted in previous test">/app/backend/tests/test_new_features_iter19.py:194: No unconverted leads available - may have been converted in previous test</skipped></testcase><testcase classname="backend.tests.test_new_features_iter19.TestCommissionMarkPayable" name="test_mark_payable_requires_auth" time="0.340" /><testcase classname="backend.tests.test_new_features_iter19.TestCommissionMarkPayable" name="test_mark_payable_not_found" time="0.300" /><testcase classname="backend.tests.test_new_features_iter19.TestCommissionMarkPayable" name="test_mark_payable_requires_approved_status" time="0.345"><skipped type="pytest.skip" message="No commissions available for testing">/app/backend/tests/test_new_features_iter19.py:271: No commissions available for testing</skipped></testcase><testcase classname="backend.tests.test_new_features_iter19.TestCommissionMarkPayable" name="test_mark_payable_success_for_approved" time="0.307"><skipped type="pytest.skip" message="No approved commissions available for testing - this is expected if no commissions exist yet">/app/backend/tests/test_new_features_iter19.py:312: No approved commissions available for testing - this is expected if no commissions exist yet</skipped></testcase><testcase classname="backend.tests.test_new_features_iter19.TestCommissionReviewAPIs" name="test_get_commissions_list" time="0.345" /><testcase classname="backend.tests.test_new_features_iter19.TestCommissionReviewAPIs" name="test_get_commissions_with_status_filter" time="0.348" /><testcase classname="backend.tests.test_new_features_iter19.TestCommissionReviewAPIs" name="test_commission_approve_endpoint_exists" time="0.310" /><testcase classname="backend.tests.test_new_features_iter19.TestCommissionReviewAPIs" name="test_commission_reject_endpoint_exists" time="0.305" /><testcase classname="backend.tests.test_new_features_iter19.TestProgrammesAPI" name="test_get_programmes_list" time="0.345" /><testcase classname="backend.tests.test_new_features_iter19.TestLeadsAPI" name="test_get_leads_list" time="0.299" /></testsuite></testsuites>