<?xml version="1.0" encoding="utf-8"?><testsuites name="pytest tests"><testsuite name="pytest" errors="0" failures="0" skipped="0" tests="15" time="6.189" timestamp="2026-03-12T09:57:08.196996+00:00" hostname="agent-env-676c588f-d4ed-40ba-94f6-e72e16f70624"><testcase classname="backend.tests.test_website_settings.TestWebsiteSettingsGetAll" name="test_get_all_settings_super_admin" time="0.312" /><testcase classname="backend.tests.test_website_settings.TestWebsiteSettingsGetAll" name="test_get_all_settings_manager_forbidden" time="0.282" /><testcase classname="backend.tests.test_website_settings.TestWebsiteSettingsGetAll" name="test_get_all_settings_no_auth" time="0.110" /><testcase classname="backend.tests.test_website_settings.TestWebsiteSettingsGetSection" name="test_get_section_super_admin" time="0.297" /><testcase classname="backend.tests.test_website_settings.TestWebsiteSettingsGetSection" name="test_get_section_manager_forbidden" time="0.303" /><testcase classname="backend.tests.test_website_settings.TestWebsiteSettingsGetSection" name="test_get_nonexistent_section" time="0.109" /><testcase classname="backend.tests.test_website_settings.TestWebsiteSettingsUpsert" name="test_upsert_section_super_admin_create" time="0.315" /><testcase classname="backend.tests.test_website_settings.TestWebsiteSettingsUpsert" name="test_upsert_section_update_header" time="0.226" /><testcase classname="backend.tests.test_website_settings.TestWebsiteSettingsUpsert" name="test_upsert_section_manager_forbidden" time="0.272" /><testcase classname="backend.tests.test_website_settings.TestWebsiteSettingsUpsert" name="test_upsert_section_invalid_content" time="0.108" /><testcase classname="backend.tests.test_website_settings.TestPublicWebsiteSettings" name="test_public_endpoint_header" time="0.103" /><testcase classname="backend.tests.test_website_settings.TestPublicWebsiteSettings" name="test_public_endpoint_hero" time="0.103" /><testcase classname="backend.tests.test_website_settings.TestPublicWebsiteSettings" name="test_public_endpoint_nonexistent" time="0.104" /><testcase classname="backend.tests.test_website_settings.TestAll15Sections" name="test_all_sections_accessible" time="1.803" /><testcase classname="backend.tests.test_website_settings.TestAll15Sections" name="test_all_sections_updatable" time="1.671" /></testsuite></testsuites>