<?xml version="1.0" encoding="utf-8"?><testsuites name="pytest tests"><testsuite name="pytest" errors="0" failures="0" skipped="0" tests="27" time="5.811" timestamp="2026-03-10T15:13:03.309292+00:00" hostname="agent-env-40b9a6c6-a3d9-4646-a10a-adfe23ccbb42"><testcase classname="backend.tests.test_module_system.TestAuth" name="test_admin_login" time="0.228" /><testcase classname="backend.tests.test_module_system.TestAuth" name="test_student_login" time="0.194" /><testcase classname="backend.tests.test_module_system.TestAdminModuleCRUD" name="test_list_modules_for_programme" time="0.316" /><testcase classname="backend.tests.test_module_system.TestAdminModuleCRUD" name="test_list_modules_active_filter" time="0.149" /><testcase classname="backend.tests.test_module_system.TestAdminModuleCRUD" name="test_list_modules_nonexistent_programme" time="0.135" /><testcase classname="backend.tests.test_module_system.TestAdminModuleCRUD" name="test_create_module" time="0.124" /><testcase classname="backend.tests.test_module_system.TestAdminModuleCRUD" name="test_create_module_validation_title_too_short" time="0.129" /><testcase classname="backend.tests.test_module_system.TestAdminModuleCRUD" name="test_create_module_auto_order" time="0.296" /><testcase classname="backend.tests.test_module_system.TestAdminModuleCRUD" name="test_update_module" time="0.289" /><testcase classname="backend.tests.test_module_system.TestAdminModuleCRUD" name="test_update_module_partial" time="0.232" /><testcase classname="backend.tests.test_module_system.TestAdminModuleCRUD" name="test_update_module_not_found" time="0.131" /><testcase classname="backend.tests.test_module_system.TestAdminModuleCRUD" name="test_reorder_modules" time="0.395" /><testcase classname="backend.tests.test_module_system.TestAdminModuleCRUD" name="test_reorder_modules_empty_array" time="0.112" /><testcase classname="backend.tests.test_module_system.TestAdminModuleCRUD" name="test_delete_module" time="0.253" /><testcase classname="backend.tests.test_module_system.TestAdminModuleCRUD" name="test_delete_module_not_found" time="0.180" /><testcase classname="backend.tests.test_module_system.TestAdminModuleCRUD" name="test_auth_required" time="0.116" /><testcase classname="backend.tests.test_module_system.TestStudentCoursesAPI" name="test_list_enrolled_courses" time="0.383" /><testcase classname="backend.tests.test_module_system.TestStudentCoursesAPI" name="test_get_course_detail" time="0.117" /><testcase classname="backend.tests.test_module_system.TestStudentCoursesAPI" name="test_get_course_not_enrolled" time="0.107" /><testcase classname="backend.tests.test_module_system.TestStudentCoursesAPI" name="test_update_progress_start_module" time="0.245" /><testcase classname="backend.tests.test_module_system.TestStudentCoursesAPI" name="test_update_progress_complete_module" time="0.235" /><testcase classname="backend.tests.test_module_system.TestStudentCoursesAPI" name="test_update_progress_invalid_status" time="0.246" /><testcase classname="backend.tests.test_module_system.TestStudentCoursesAPI" name="test_update_progress_wrong_course" time="0.124" /><testcase classname="backend.tests.test_module_system.TestStudentCoursesAPI" name="test_progress_tracking_overall_calculation" time="0.108" /><testcase classname="backend.tests.test_module_system.TestStudentCoursesAPI" name="test_auth_required" time="0.116" /><testcase classname="backend.tests.test_module_system.TestAccessControl" name="test_student_cannot_access_admin_modules" time="0.452" /><testcase classname="backend.tests.test_module_system.TestAccessControl" name="test_admin_cannot_access_student_courses" time="0.336" /></testsuite></testsuites>