<?xml version="1.0" encoding="utf-8"?><testsuites name="pytest tests"><testsuite name="pytest" errors="0" failures="0" skipped="0" tests="12" time="1.959" timestamp="2026-03-10T10:50:01.460339+00:00" hostname="agent-env-07ea41ec-b337-4d61-9e7a-b90df61668e2"><testcase classname="backend.tests.test_payment_notification_flow.TestLoginEndpoints" name="test_admin_login" time="0.265" /><testcase classname="backend.tests.test_payment_notification_flow.TestLoginEndpoints" name="test_rep_login" time="0.196" /><testcase classname="backend.tests.test_payment_notification_flow.TestLoginEndpoints" name="test_student_login" time="0.196" /><testcase classname="backend.tests.test_payment_notification_flow.TestLoginEndpoints" name="test_invalid_login" time="0.104" /><testcase classname="backend.tests.test_payment_notification_flow.TestPaymentConfigEndpoint" name="test_payment_config_returns_mock_mode" time="0.192" /><testcase classname="backend.tests.test_payment_notification_flow.TestNotificationConfigEndpoint" name="test_notification_config_returns_mock_mode" time="0.114" /><testcase classname="backend.tests.test_payment_notification_flow.TestAdminNotificationEndpoint" name="test_admin_test_email_notification" time="0.109" /><testcase classname="backend.tests.test_payment_notification_flow.TestAdminNotificationEndpoint" name="test_admin_test_sms_notification" time="0.104" /><testcase classname="backend.tests.test_payment_notification_flow.TestAdminNotificationEndpoint" name="test_non_admin_cannot_send_test_notification" time="0.123" /><testcase classname="backend.tests.test_payment_notification_flow.TestStudentPaymentInfo" name="test_student_payment_info" time="0.111" /><testcase classname="backend.tests.test_payment_notification_flow.TestCheckoutStatusEndpoint" name="test_checkout_status_mock_session" time="0.113" /><testcase classname="backend.tests.test_payment_notification_flow.TestPaymentFlowForApprovedStudent" name="test_checkout_session_for_enrolled_student_rejected" time="0.210" /></testsuite></testsuites>