<?xml version="1.0" encoding="utf-8"?><testsuites name="pytest tests"><testsuite name="pytest" errors="0" failures="0" skipped="0" tests="16" time="4.162" timestamp="2026-03-10T17:31:08.272410+00:00" hostname="agent-env-28496e7c-c114-4d14-95b6-2af4d0f04be8"><testcase classname="tests.test_post_launch_features.TestReferralTracking" name="test_track_referral_click_success" time="0.326" /><testcase classname="tests.test_post_launch_features.TestReferralTracking" name="test_track_referral_click_invalid_code" time="0.143" /><testcase classname="tests.test_post_launch_features.TestReferralTracking" name="test_track_referral_click_missing_code" time="0.118" /><testcase classname="tests.test_post_launch_features.TestReferralTracking" name="test_referral_analytics_success" time="0.334" /><testcase classname="tests.test_post_launch_features.TestReferralTracking" name="test_referral_analytics_by_code_filter" time="0.198" /><testcase classname="tests.test_post_launch_features.TestReferralTracking" name="test_referral_analytics_unauthorized" time="0.350" /><testcase classname="tests.test_post_launch_features.TestFraudFlags" name="test_fraud_alerts_summary" time="0.354" /><testcase classname="tests.test_post_launch_features.TestFraudFlags" name="test_fraud_alerts_open_count" time="0.118" /><testcase classname="tests.test_post_launch_features.TestFraudFlags" name="test_fraud_alerts_list" time="0.182" /><testcase classname="tests.test_post_launch_features.TestFraudFlags" name="test_fraud_alerts_create_and_update" time="0.367" /><testcase classname="tests.test_post_launch_features.TestFraudFlags" name="test_fraud_alerts_filter_by_status" time="0.125" /><testcase classname="tests.test_post_launch_features.TestFraudFlags" name="test_fraud_alerts_unauthorized" time="0.300" /><testcase classname="tests.test_post_launch_features.TestPayoutBatchItems" name="test_payout_batch_items_invalid_payout" time="0.398" /><testcase classname="tests.test_post_launch_features.TestPayoutBatchItems" name="test_payouts_list" time="0.109" /><testcase classname="tests.test_post_launch_features.TestPayoutBatchItems" name="test_payout_stats" time="0.136" /><testcase classname="tests.test_post_launch_features.TestModelEnhancements" name="test_fraud_alert_model_fields" time="0.462" /></testsuite></testsuites>